# JRE version: Java(TM) SE Runtime Environment (8.0_144-b01) (build 1.8.0_144-b01)
# Java VM: Java HotSpot(TM) 64-Bit Server VM (25.144-b01 mixed mode linux-amd64 compressed oops)
Heap:
 PSYoungGen      total 495616K, used 35180K [0x000000076ce00000, 0x0000000793280000, 0x00000007c0000000)
  eden space 460288K, 0% used [0x000000076ce00000,0x000000076ce00000,0x0000000788f80000)
  from space 35328K, 99% used [0x0000000788f80000,0x000000078b1db198,0x000000078b200000)
  to   space 83456K, 0% used [0x000000078e100000,0x000000078e100000,0x0000000793280000)
 ParOldGen       total 456704K, used 160045K [0x00000006c6a00000, 0x00000006e2800000, 0x000000076ce00000)
  object space 456704K, 35% used [0x00000006c6a00000,0x00000006d064b648,0x00000006e2800000)
 Metaspace       used 139568K, capacity 148746K, committed 148992K, reserved 1183744K
  class space    used 13450K, capacity 14579K, committed 14592K, reserved 1048576K
GC Heap History (10 events):
Event: 6126.824 GC heap after
Heap after GC invocations=29 (full 4):
 PSYoungGen      total 559104K, used 55826K [0x000000076ce00000, 0x0000000796f00000, 0x00000007c0000000)
  eden space 502784K, 0% used [0x000000076ce00000,0x000000076ce00000,0x000000078b900000)
  from space 56320K, 99% used [0x000000078c800000,0x000000078fe84ac0,0x000000078ff00000)
  to   space 93184K, 0% used [0x0000000791400000,0x0000000791400000,0x0000000796f00000)
 ParOldGen       total 456704K, used 160013K [0x00000006c6a00000, 0x00000006e2800000, 0x000000076ce00000)
  object space 456704K, 35% used [0x00000006c6a00000,0x00000006d0643648,0x00000006e2800000)
 Metaspace       used 135836K, capacity 143510K, committed 143616K, reserved 1179648K
  class space    used 13275K, capacity 14311K, committed 14336K, reserved 1048576K
}
Event: 8134.780 GC heap before
{Heap before GC invocations=30 (full 4):
 PSYoungGen      total 559104K, used 558610K [0x000000076ce00000, 0x0000000796f00000, 0x00000007c0000000)
  eden space 502784K, 100% used [0x000000076ce00000,0x000000078b900000,0x000000078b900000)
  from space 56320K, 99% used [0x000000078c800000,0x000000078fe84ac0,0x000000078ff00000)
  to   space 93184K, 0% used [0x0000000791400000,0x0000000791400000,0x0000000796f00000)
 ParOldGen       total 456704K, used 160013K [0x00000006c6a00000, 0x00000006e2800000, 0x000000076ce00000)
  object space 456704K, 35% used [0x00000006c6a00000,0x00000006d0643648,0x00000006e2800000)
 Metaspace       used 136807K, capacity 145062K, committed 145280K, reserved 1179648K
  class space    used 13302K, capacity 14349K, committed 14464K, reserved 1048576K
Event: 8134.847 GC heap after
Heap after GC invocations=30 (full 4):
 PSYoungGen      total 564224K, used 56374K [0x000000076ce00000, 0x0000000795e80000, 0x00000007c0000000)
  eden space 487936K, 0% used [0x000000076ce00000,0x000000076ce00000,0x000000078aa80000)
  from space 76288K, 73% used [0x0000000791400000,0x0000000794b0da10,0x0000000795e80000)
  to   space 92160K, 0% used [0x000000078aa80000,0x000000078aa80000,0x0000000790480000)
 ParOldGen       total 456704K, used 160021K [0x00000006c6a00000, 0x00000006e2800000, 0x000000076ce00000)
  object space 456704K, 35% used [0x00000006c6a00000,0x00000006d0645648,0x00000006e2800000)
 Metaspace       used 136807K, capacity 145062K, committed 145280K, reserved 1179648K
  class space    used 13302K, capacity 14349K, committed 14464K, reserved 1048576K
}
Event: 8559.718 GC heap before
{Heap before GC invocations=31 (full 4):
 PSYoungGen      total 564224K, used 544310K [0x000000076ce00000, 0x0000000795e80000, 0x00000007c0000000)
  eden space 487936K, 100% used [0x000000076ce00000,0x000000078aa80000,0x000000078aa80000)
  from space 76288K, 73% used [0x0000000791400000,0x0000000794b0da10,0x0000000795e80000)
  to   space 92160K, 0% used [0x000000078aa80000,0x000000078aa80000,0x0000000790480000)
 ParOldGen       total 456704K, used 160021K [0x00000006c6a00000, 0x00000006e2800000, 0x000000076ce00000)
  object space 456704K, 35% used [0x00000006c6a00000,0x00000006d0645648,0x00000006e2800000)
 Metaspace       used 138304K, capacity 147098K, committed 147328K, reserved 1181696K
  class space    used 13377K, capacity 14452K, committed 14464K, reserved 1048576K
Event: 8559.746 GC heap after
Heap after GC invocations=31 (full 4):
 PSYoungGen      total 517120K, used 43068K [0x000000076ce00000, 0x0000000794980000, 0x00000007c0000000)
  eden space 473600K, 0% used [0x000000076ce00000,0x000000076ce00000,0x0000000789c80000)
  from space 43520K, 98% used [0x000000078aa80000,0x000000078d48f108,0x000000078d500000)
  to   space 88576K, 0% used [0x000000078f300000,0x000000078f300000,0x0000000794980000)
 ParOldGen       total 456704K, used 160029K [0x00000006c6a00000, 0x00000006e2800000, 0x000000076ce00000)
  object space 456704K, 35% used [0x00000006c6a00000,0x00000006d0647648,0x00000006e2800000)
 Metaspace       used 138304K, capacity 147098K, committed 147328K, reserved 1181696K
  class space    used 13377K, capacity 14452K, committed 14464K, reserved 1048576K
}
Event: 9014.349 GC heap before
{Heap before GC invocations=32 (full 4):
 PSYoungGen      total 517120K, used 516668K [0x000000076ce00000, 0x0000000794980000, 0x00000007c0000000)
  eden space 473600K, 100% used [0x000000076ce00000,0x0000000789c80000,0x0000000789c80000)
  from space 43520K, 98% used [0x000000078aa80000,0x000000078d48f108,0x000000078d500000)
  to   space 88576K, 0% used [0x000000078f300000,0x000000078f300000,0x0000000794980000)
 ParOldGen       total 456704K, used 160029K [0x00000006c6a00000, 0x00000006e2800000, 0x000000076ce00000)
  object space 456704K, 35% used [0x00000006c6a00000,0x00000006d0647648,0x00000006e2800000)
 Metaspace       used 139490K, capacity 148676K, committed 148736K, reserved 1183744K
  class space    used 13441K, capacity 14578K, committed 14592K, reserved 1048576K
Event: 9014.398 GC heap after
Heap after GC invocations=32 (full 4):
 PSYoungGen      total 529408K, used 41883K [0x000000076ce00000, 0x0000000793680000, 0x00000007c0000000)
  eden space 460288K, 0% used [0x000000076ce00000,0x000000076ce00000,0x0000000788f80000)
  from space 69120K, 60% used [0x000000078f300000,0x0000000791be6f68,0x0000000793680000)
  to   space 85504K, 0% used [0x0000000788f80000,0x0000000788f80000,0x000000078e300000)
 ParOldGen       total 456704K, used 160037K [0x00000006c6a00000, 0x00000006e2800000, 0x000000076ce00000)
  object space 456704K, 35% used [0x00000006c6a00000,0x00000006d0649648,0x00000006e2800000)
 Metaspace       used 139490K, capacity 148676K, committed 148736K, reserved 1183744K
  class space    used 13441K, capacity 14578K, committed 14592K, reserved 1048576K
}
Event: 9015.065 GC heap before
{Heap before GC invocations=33 (full 4):
 PSYoungGen      total 529408K, used 57788K [0x000000076ce00000, 0x0000000793680000, 0x00000007c0000000)
  eden space 460288K, 3% used [0x000000076ce00000,0x000000076dd880b8,0x0000000788f80000)
  from space 69120K, 60% used [0x000000078f300000,0x0000000791be6f68,0x0000000793680000)
  to   space 85504K, 0% used [0x0000000788f80000,0x0000000788f80000,0x000000078e300000)
 ParOldGen       total 456704K, used 160037K [0x00000006c6a00000, 0x00000006e2800000, 0x000000076ce00000)
  object space 456704K, 35% used [0x00000006c6a00000,0x00000006d0649648,0x00000006e2800000)
 Metaspace       used 139568K, capacity 148746K, committed 148992K, reserved 1183744K
  class space    used 13450K, capacity 14579K, committed 14592K, reserved 1048576K
Event: 9015.106 GC heap after
Heap after GC invocations=33 (full 4):
 PSYoungGen      total 495616K, used 35180K [0x000000076ce00000, 0x0000000793280000, 0x00000007c0000000)
  eden space 460288K, 0% used [0x000000076ce00000,0x000000076ce00000,0x0000000788f80000)
  from space 35328K, 99% used [0x0000000788f80000,0x000000078b1db198,0x000000078b200000)
  to   space 83456K, 0% used [0x000000078e100000,0x000000078e100000,0x0000000793280000)
 ParOldGen       total 456704K, used 160045K [0x00000006c6a00000, 0x00000006e2800000, 0x000000076ce00000)
  object space 456704K, 35% used [0x00000006c6a00000,0x00000006d064b648,0x00000006e2800000)
 Metaspace       used 139568K, capacity 148746K, committed 148992K, reserved 1183744K
  class space    used 13450K, capacity 14579K, committed 14592K, reserved 1048576K
}
Event: 9015.106 GC heap before
{Heap before GC invocations=34 (full 5):
 PSYoungGen      total 495616K, used 35180K [0x000000076ce00000, 0x0000000793280000, 0x00000007c0000000)
  eden space 460288K, 0% used [0x000000076ce00000,0x000000076ce00000,0x0000000788f80000)
  from space 35328K, 99% used [0x0000000788f80000,0x000000078b1db198,0x000000078b200000)
  to   space 83456K, 0% used [0x000000078e100000,0x000000078e100000,0x0000000793280000)
 ParOldGen       total 456704K, used 160045K [0x00000006c6a00000, 0x00000006e2800000, 0x000000076ce00000)
  object space 456704K, 35% used [0x00000006c6a00000,0x00000006d064b648,0x00000006e2800000)
 Metaspace       used 139568K, capacity 148746K, committed 148992K, reserved 1183744K
  class space    used 13450K, capacity 14579K, committed 14592K, reserved 1048576K

